Detalles de la partida:
  Modo: NORMAL
  Numero de ronda: 1
  Duracion: 13
  Puntajes:
    BrainV2 819609: 12
    BrainV2 8085280: 12
    COMPLETAR NOMBRE DE EQUIPO: 6


Detalles de la partida:
  Modo: NORMAL
  Numero de ronda: 1
  Duracion: 133
  Puntajes:
    !!vamos banana　: 925
    BrainV2 2990842: 7
    BrainV2 8581804: 7


Detalles de la partida:
  Modo: NORMAL
  Numero de ronda: 1
  Duracion: 19
  Puntajes:
    !!Vamos banana　: 18
    BrainV3 9492914: 0
    BrainV3 1057793: 0


Detalles de la partida:
  Modo: NORMAL
  Numero de ronda: 1
  Duracion: 32
  Puntajes:
    !!Vamos banana　: 31
    BrainV3 1078886: 9
    BrainV3 8595483: 9


Detalles de la partida:
  Modo: NORMAL
  Numero de ronda: 1
  Duracion: 142
  Puntajes:
    BrainV3 9078053: 907
    !!Vamos banana　: 547
    BrainV3 4525390: 489


Detalles de la partida:
  Modo: NORMAL
  Numero de ronda: 1
  Duracion: 274
  Puntajes:
    !!Vamos banana　: 3094
    BrainV3 7800024: 441
    BrainV3 8448040: 257


Detalles de la partida:
  Modo: NORMAL
  Numero de ronda: 1
  Duracion: 130
  Puntajes:
    !!Vamos banana　: 850
    BrainV3 8799465: 297
    BrainV3 6765514: 25


Detalles de la partida:
  Modo: NORMAL
  Numero de ronda: 1
  Duracion: 263
  Puntajes:
    BrainV3 1956418: 3454
    !!Vamos banana　: 2441
    BrainV3 3850899: 378


Detalles de la partida:
  Modo: NORMAL
  Numero de ronda: 1
  Duracion: 132
  Puntajes:
    BrainV3 7365615: 833
    !!Vamos banana　: 690
    BrainV3 5555630: 15


Detalles de la partida:
  Modo: NORMAL
  Numero de ronda: 1
  Duracion: 255
  Puntajes:
    !!Vamos banana　: 2531
    BrainV3 7990658: 453
    BrainV3 813043: 320


Detalles de la partida:
  Modo: NORMAL
  Numero de ronda: 1
  Duracion: 104
  Puntajes:
    !!Vamos banana　: 475
    BrainV3 3483162: 146
    BrainV3 2203211: 121


Detalles de la partida:
  Modo: NORMAL
  Numero de ronda: 1
  Duracion: 133
  Puntajes:
    !!Vamos banana　: 563
    BrainV3 2381350: 285
    BrainV3 8070290: 84


Detalles de la partida:
  Modo: NORMAL
  Numero de ronda: 1
  Duracion: 26
  Puntajes:
    !!Vamos banana　: 44
    BrainV3 4472475: 33
    BrainV3 1902610: 12


Detalles de la partida:
  Modo: NORMAL
  Numero de ronda: 1
  Duracion: 113
  Puntajes:
    !!Vamos banana　: 817
    BrainV1 3580173: 80
    BrainV1 4519198: 64


Detalles de la partida:
  Modo: NORMAL
  Numero de ronda: 1
  Duracion: 185
  Puntajes:
    !!Vamos banana　: 1521
    BrainV1 3150938: 488
    BrainV1 1208125: 23


Detalles de la partida:
  Modo: NORMAL
  Numero de ronda: 1
  Duracion: 162
  Puntajes:
    !!Vamos banana　: 1921
    BrainV1 7880078: 74
    BrainV1 600032: 72


Detalles de la partida:
  Modo: NORMAL
  Numero de ronda: 1
  Duracion: 580
  Puntajes:
    !!Vamos banana　: 14545
    BrainV3 250038: 875
    BrainV3 2599299: 57


Detalles de la partida:
  Modo: NORMAL
  Numero de ronda: 1
  Duracion: 260
  Puntajes:
    BrainV3 2347598: 2274
    !!Vamos banana　: 1674
    BrainV3 4620077: 910


Detalles de la partida:
  Modo: NORMAL
  Numero de ronda: 1
  Duracion: 270
  Puntajes:
    !!Vamos banana　: 4244
    BrainV3 7295207: 119
    BrainV3 4469098: 6


Detalles de la partida:
  Modo: NORMAL
  Numero de ronda: 1
  Duracion: 104
  Puntajes:
    BrainV3 7667778: 796
    BrainV3 6065007: 235
    !!Vamos banana　: 229


Detalles de la partida:
  Modo: NORMAL
  Numero de ronda: 1
  Duracion: 238
  Puntajes:
    !!Vamos banana　: 2151
    BrainV3 8695990: 428
    BrainV3 1447930: 43


Detalles de la partida:
  Modo: NORMAL
  Numero de ronda: 1
  Duracion: 240
  Puntajes:
    !!Vamos banana　: 2657
    BrainV3 7293818: 24
    BrainV3 4174889: 18


Detalles de la partida:
  Modo: NORMAL
  Numero de ronda: 1
  Duracion: 67
  Puntajes:
    BrainV3 3474597: 155
    !!Vamos banana　: 150
    BrainV3 2099823: 11


Detalles de la partida:
  Modo: NORMAL
  Numero de ronda: 1
  Duracion: 307
  Puntajes:
    !!Vamos banana　: 4481
    BrainV3 3497370: 552
    BrainV3 9570176: 161


Detalles de la partida:
  Modo: NORMAL
  Numero de ronda: 1
  Duracion: 344
  Puntajes:
    !!Vamos banana　: 5792
    BrainV3 5391762: 436
    BrainV3 6124120: 91


Detalles de la partida:
  Modo: NORMAL
  Numero de ronda: 1
  Duracion: 496
  Puntajes:
    !!Vamos banana　: 9425
    BrainV3 2320710: 158
    BrainV3 9841203: 81


Detalles de la partida:
  Modo: NORMAL
  Numero de ronda: 1
  Duracion: 205
  Puntajes:
    !!Vamos banana　: 1808
    BrainV3 7249908: 607
    BrainV3 3399854: 22


Detalles de la partida:
  Modo: NORMAL
  Numero de ronda: 1
  Duracion: 254
  Puntajes:
    !!Vamos banana　: 2194
    BrainV3 4523333: 766
    BrainV3 848125: 467


Detalles de la partida:
  Modo: NORMAL
  Numero de ronda: 1
  Duracion: 411
  Puntajes:
    !!Vamos banana　: 5989
    BrainV3 2033978: 866
    BrainV3 2335167: 651


Detalles de la partida:
  Modo: NORMAL
  Numero de ronda: 1
  Duracion: 379
  Puntajes:
    !!Vamos banana　: 5885
    BrainV3 5757797: 82
    BrainV3 6981567: 68


Detalles de la partida:
  Modo: NORMAL
  Numero de ronda: 1
  Duracion: 524
  Puntajes:
    !!Vamos banana　: 12247
    BrainV3 7660153: 137
    BrainV3 5845681: 46


Detalles de la partida:
  Modo: NORMAL
  Numero de ronda: 1
  Duracion: 297
  Puntajes:
    !!Vamos banana　: 4246
    BrainV3 2752871: 368
    BrainV3 2892385: 0


Detalles de la partida:
  Modo: NORMAL
  Numero de ronda: 1
  Duracion: 463
  Puntajes:
    !!Vamos banana　: 10595
    BrainV3 2762032: 188
    BrainV3 7452664: 13


Detalles de la partida:
  Modo: NORMAL
  Numero de ronda: 1
  Duracion: 337
  Puntajes:
    !!Vamos banana　: 5039
    BrainV3 4135738: 599
    BrainV3 3366822: 16


Detalles de la partida:
  Modo: NORMAL
  Numero de ronda: 1
  Duracion: 412
  Puntajes:
    !!Vamos banana　: 8028
    BrainV3 2640343: 548
    BrainV3 5096844: 89


Detalles de la partida:
  Modo: NORMAL
  Numero de ronda: 1
  Duracion: 62
  Puntajes:
    BrainV3 9317676: 236
    !!Vamos banana　: 173
    BrainV3 429492: 171


Detalles de la partida:
  Modo: NORMAL
  Numero de ronda: 1
  Duracion: 278
  Puntajes:
    BrainV3 9341506: 3930
    !!Vamos banana　: 574
    BrainV3 8038817: 88
    BrainV3 4367568: 15


Detalles de la partida:
  Modo: NORMAL
  Numero de ronda: 1
  Duracion: 704
  Puntajes:
    !!Vamos banana　: 17340
    BrainV3 1090597: 6520
    BrainV3 6351091: 539
    BrainV3 6407332: 16


Detalles de la partida:
  Modo: NORMAL
  Numero de ronda: 1
  Duracion: 475
  Puntajes:
    !!Vamos banana　: 8848
    BrainV3 5399158: 767
    BrainV3 170381: 106
    BrainV3 5304443: 71


Detalles de la partida:
  Modo: NORMAL
  Numero de ronda: 1
  Duracion: 500
  Puntajes:
    !!Vamos banana　: 8900
    BrainV3 1428776: 1808
    BrainV3 352988: 193
    BrainV3 3568673: 137


Detalles de la partida:
  Modo: NORMAL
  Numero de ronda: 1
  Duracion: 386
  Puntajes:
    !!Vamos banana　: 5242
    BrainV3 1914146: 3879
    BrainV3 5459848: 451
    BrainV3 1946542: 238


Detalles de la partida:
  Modo: NORMAL
  Numero de ronda: 1
  Duracion: 379
  Puntajes:
    !!Vamos banana　: 4857
    BrainV3 7006547: 783
    BrainV3 2548225: 199
    BrainV3 5154149: 79


Detalles de la partida:
  Modo: NORMAL
  Numero de ronda: 1
  Duracion: 682
  Puntajes:
    !!Vamos banana　: 23732
    BrainV3 4431376: 15
    BrainV3 2003711: 7


Detalles de la partida:
  Modo: NORMAL
  Numero de ronda: 1
  Duracion: 326
  Puntajes:
    !!Vamos banana　: 4984
    BrainV3 3222524: 1021
    BrainV3 203888: 9


Detalles de la partida:
  Modo: NORMAL
  Numero de ronda: 1
  Duracion: 544
  Puntajes:
    !!Vamos banana　: 15321
    BrainV3 3024132: 131
    BrainV3 1267395: 30


Detalles de la partida:
  Modo: NORMAL
  Numero de ronda: 1
  Duracion: 320
  Puntajes:
    !!Vamos banana　: 4777
    BrainV3 3697009: 710
    BrainV3 4414054: 61


Detalles de la partida:
  Modo: NORMAL
  Numero de ronda: 1
  Duracion: 150
  Puntajes:
    !!Vamos banana　: 1292
    BrainV3 8672183: 53
    BrainV3 9079947: 30


Detalles de la partida:
  Modo: NORMAL
  Numero de ronda: 1
  Duracion: 563
  Puntajes:
    !!Vamos banana　: 14508
    BrainV3 6301308: 301
    BrainV3 7000323: 22


Detalles de la partida:
  Modo: NORMAL
  Numero de ronda: 1
  Duracion: 309
  Puntajes:
    !!Vamos banana　: 3758
    BrainV3 4969009: 430
    BrainV3 7943107: 170


Detalles de la partida:
  Modo: NORMAL
  Numero de ronda: 2
  Duracion: 319
  Puntajes:
    !!Vamos banana　: 8414
    BrainV3 4969009: 466
    BrainV3 7943107: 201


Detalles de la partida:
  Modo: NORMAL
  Numero de ronda: 3
  Duracion: 287
  Puntajes:
    !!Vamos banana　: 12413
    BrainV3 4969009: 532
    BrainV3 7943107: 201


Detalles de la partida:
  Modo: NORMAL
  Numero de ronda: 4
  Duracion: 262
  Puntajes:
    !!Vamos banana　: 15497
    BrainV3 4969009: 719
    BrainV3 7943107: 421


Detalles de la partida:
  Modo: NORMAL
  Numero de ronda: 5
  Duracion: 107
  Puntajes:
    !!Vamos banana　: 15940
    BrainV3 4969009: 1402
    BrainV3 7943107: 632


Detalles de la partida:
  Modo: NORMAL
  Numero de ronda: 6
  Duracion: 220
  Puntajes:
    !!Vamos banana　: 15955
    BrainV3 7943107: 2993
    BrainV3 4969009: 1683


Detalles de la partida:
  Modo: NORMAL
  Numero de ronda: 7
  Duracion: 365
  Puntajes:
    !!Vamos banana　: 16619
    BrainV3 7943107: 8401
    BrainV3 4969009: 2021


Detalles de la partida:
  Modo: NORMAL
  Numero de ronda: 8
  Duracion: 558
  Puntajes:
    !!Vamos banana　: 18374
    BrainV3 4969009: 14494
    BrainV3 7943107: 8986


Detalles de la partida:
  Modo: NORMAL
  Numero de ronda: 9
  Duracion: 384
  Puntajes:
    !!Vamos banana　: 25316
    BrainV3 4969009: 14679
    BrainV3 7943107: 8995


Detalles de la partida:
  Modo: NORMAL
  Numero de ronda: 10
  Duracion: 410
  Puntajes:
    !!Vamos banana　: 32381
    BrainV3 4969009: 14787
    BrainV3 7943107: 9075


Detalles de la partida:
  Modo: NORMAL
  Numero de ronda: 11
  Duracion: 635
  Puntajes:
    !!Vamos banana　: 52148
    BrainV3 4969009: 15409
    BrainV3 7943107: 9441


Detalles de la partida:
  Modo: NORMAL
  Numero de ronda: 1
  Duracion: 405
  Puntajes:
    !!Vamos banana　: 6961
    BrainV3 7043802: 318
    BrainV3 9718238: 66


